
*** Running vivado
    with args -log TemperatureIndicator.vds -m64 -product Vivado -mode batch -messageDb vivado.pb -notrace -source TemperatureIndicator.tcl



****** Vivado v2024.2 (64-bit)
  **** SW Build 5239630 on Fri Nov 08 22:35:27 MST 2024
  **** IP Build 5239520 on Sun Nov 10 16:12:51 MST 2024
  **** SharedData Build 5239561 on Fri Nov 08 14:39:27 MST 2024
  **** Start of session at: Mon May 26 02:22:51 2025
    ** Copyright 1986-2022 Xilinx, Inc. All Rights Reserved.
    ** Copyright 2022-2024 Advanced Micro Devices, Inc. All Rights Reserved.

source TemperatureIndicator.tcl -notrace
Command: synth_design -top TemperatureIndicator -part xc7z007sclg400-1
Starting synth_design
Attempting to get a license for feature 'Synthesis' and/or device 'xc7z007s'
INFO: [Common 17-349] Got license for feature 'Synthesis' and/or device 'xc7z007s'
INFO: [Synth 8-7079] Multithreading enabled for synth_design using a maximum of 2 processes.
INFO: [Synth 8-7078] Launching helper process for spawning children vivado processes
INFO: [Synth 8-7075] Helper process launched with PID 18732
---------------------------------------------------------------------------------
Starting Synthesize : Time (s): cpu = 00:00:12 ; elapsed = 00:00:15 . Memory (MB): peak = 826.707 ; gain = 477.809
---------------------------------------------------------------------------------

*** Running vivado
    with args -log TemperatureIndicator.vds -m64 -product Vivado -mode batch -messageDb vivado.pb -notrace -source TemperatureIndicator.tcl



****** Vivado v2024.2 (64-bit)
  **** SW Build 5239630 on Fri Nov 08 22:35:27 MST 2024
  **** IP Build 5239520 on Sun Nov 10 16:12:51 MST 2024
  **** SharedData Build 5239561 on Fri Nov 08 14:39:27 MST 2024
  **** Start of session at: Wed May 28 15:23:30 2025
    ** Copyright 1986-2022 Xilinx, Inc. All Rights Reserved.
    ** Copyright 2022-2024 Advanced Micro Devices, Inc. All Rights Reserved.

source TemperatureIndicator.tcl -notrace
Command: synth_design -top TemperatureIndicator -part xc7z007sclg400-1
Starting synth_design
Attempting to get a license for feature 'Synthesis' and/or device 'xc7z007s'
INFO: [Common 17-349] Got license for feature 'Synthesis' and/or device 'xc7z007s'
INFO: [Device 21-403] Loading part xc7z007sclg400-1
INFO: [Synth 8-7079] Multithreading enabled for synth_design using a maximum of 2 processes.
INFO: [Synth 8-7078] Launching helper process for spawning children vivado processes
INFO: [Synth 8-7075] Helper process launched with PID 12032
---------------------------------------------------------------------------------
Starting RTL Elaboration : Time (s): cpu = 00:00:10 ; elapsed = 00:00:12 . Memory (MB): peak = 1028.242 ; gain = 466.410
---------------------------------------------------------------------------------
INFO: [Synth 8-6157] synthesizing module 'TemperatureIndicator' [C:/Users/moizc/OneDrive/Desktop/MY AWESOME PROJECTS/vivado/TEMPERATURE_INDICATOR/TEMPERATURE_INDICATOR.srcs/sources_1/new/TemperatureIndicator.sv:13]
INFO: [Synth 8-6155] done synthesizing module 'TemperatureIndicator' (0#1) [C:/Users/moizc/OneDrive/Desktop/MY AWESOME PROJECTS/vivado/TEMPERATURE_INDICATOR/TEMPERATURE_INDICATOR.srcs/sources_1/new/TemperatureIndicator.sv:13]
---------------------------------------------------------------------------------
Finished RTL Elaboration : Time (s): cpu = 00:00:13 ; elapsed = 00:00:15 . Memory (MB): peak = 1133.051 ; gain = 571.219
---------------------------------------------------------------------------------
---------------------------------------------------------------------------------
Start Handling Custom Attributes
---------------------------------------------------------------------------------
---------------------------------------------------------------------------------
Finished Handling Custom Attributes : Time (s): cpu = 00:00:13 ; elapsed = 00:00:15 . Memory (MB): peak = 1133.051 ; gain = 571.219
---------------------------------------------------------------------------------
---------------------------------------------------------------------------------
Finished RTL Optimization Phase 1 : Time (s): cpu = 00:00:13 ; elapsed = 00:00:15 . Memory (MB): peak = 1133.051 ; gain = 571.219
---------------------------------------------------------------------------------
Netlist sorting complete. Time (s): cpu = 00:00:00 ; elapsed = 00:00:00 . Memory (MB): peak = 1133.051 ; gain = 0.000
INFO: [Project 1-570] Preparing netlist for logic optimization

Processing XDC Constraints
Initializing timing engine
Parsing XDC File [C:/Users/moizc/OneDrive/Desktop/MY AWESOME PROJECTS/vivado/TEMPERATURE_INDICATOR/TEMPERATURE_INDICATOR.srcs/constrs_1/new/TemperatureIndicator.xdc]
CRITICAL WARNING: [Designutils 20-970] Unrecognized or unsupported command '/* GOAL: Create a design that simulates (using switches) a temperature sensor' found in constraint file. [C:/Users/moizc/OneDrive/Desktop/MY AWESOME PROJECTS/vivado/TEMPERATURE_INDICATOR/TEMPERATURE_INDICATOR.srcs/constrs_1/new/TemperatureIndicator.xdc:1]
CRITICAL WARNING: [Designutils 20-970] Unrecognized or unsupported command '*      that detects when temperature is within a range of 62.5 and 72.5 degrees' found in constraint file. [C:/Users/moizc/OneDrive/Desktop/MY AWESOME PROJECTS/vivado/TEMPERATURE_INDICATOR/TEMPERATURE_INDICATOR.srcs/constrs_1/new/TemperatureIndicator.xdc:2]
CRITICAL WARNING: [Designutils 20-970] Unrecognized or unsupported command '*' found in constraint file. [C:/Users/moizc/OneDrive/Desktop/MY AWESOME PROJECTS/vivado/TEMPERATURE_INDICATOR/TEMPERATURE_INDICATOR.srcs/constrs_1/new/TemperatureIndicator.xdc:3]
CRITICAL WARNING: [Designutils 20-970] Unrecognized or unsupported command '* sensor[7:0] represents a temperature sensor that represents temperature' found in constraint file. [C:/Users/moizc/OneDrive/Desktop/MY AWESOME PROJECTS/vivado/TEMPERATURE_INDICATOR/TEMPERATURE_INDICATOR.srcs/constrs_1/new/TemperatureIndicator.xdc:4]
CRITICAL WARNING: [Designutils 20-970] Unrecognized or unsupported command '*      using an 8-bit binary number (11111111 = 100 degrees)' found in constraint file. [C:/Users/moizc/OneDrive/Desktop/MY AWESOME PROJECTS/vivado/TEMPERATURE_INDICATOR/TEMPERATURE_INDICATOR.srcs/constrs_1/new/TemperatureIndicator.xdc:5]
CRITICAL WARNING: [Designutils 20-970] Unrecognized or unsupported command '* led represents a response led that gives feedback when temperature is in the' found in constraint file. [C:/Users/moizc/OneDrive/Desktop/MY AWESOME PROJECTS/vivado/TEMPERATURE_INDICATOR/TEMPERATURE_INDICATOR.srcs/constrs_1/new/TemperatureIndicator.xdc:6]
CRITICAL WARNING: [Designutils 20-970] Unrecognized or unsupported command '*      range of 62.5 and 72.5 degrees' found in constraint file. [C:/Users/moizc/OneDrive/Desktop/MY AWESOME PROJECTS/vivado/TEMPERATURE_INDICATOR/TEMPERATURE_INDICATOR.srcs/constrs_1/new/TemperatureIndicator.xdc:7]
CRITICAL WARNING: [Designutils 20-970] Unrecognized or unsupported command '*' found in constraint file. [C:/Users/moizc/OneDrive/Desktop/MY AWESOME PROJECTS/vivado/TEMPERATURE_INDICATOR/TEMPERATURE_INDICATOR.srcs/constrs_1/new/TemperatureIndicator.xdc:8]
CRITICAL WARNING: [Designutils 20-970] Unrecognized or unsupported command '* Created by: MorphoCH22' found in constraint file. [C:/Users/moizc/OneDrive/Desktop/MY AWESOME PROJECTS/vivado/TEMPERATURE_INDICATOR/TEMPERATURE_INDICATOR.srcs/constrs_1/new/TemperatureIndicator.xdc:9]
CRITICAL WARNING: [Designutils 20-970] Unrecognized or unsupported command '* Board used: RealDigital Blackboard (Xilinx XC7007S ZYNQ)' found in constraint file. [C:/Users/moizc/OneDrive/Desktop/MY AWESOME PROJECTS/vivado/TEMPERATURE_INDICATOR/TEMPERATURE_INDICATOR.srcs/constrs_1/new/TemperatureIndicator.xdc:10]
CRITICAL WARNING: [Designutils 20-970] Unrecognized or unsupported command '*/' found in constraint file. [C:/Users/moizc/OneDrive/Desktop/MY AWESOME PROJECTS/vivado/TEMPERATURE_INDICATOR/TEMPERATURE_INDICATOR.srcs/constrs_1/new/TemperatureIndicator.xdc:11]
CRITICAL WARNING: [Designutils 20-1307] Command '//' is not supported in the xdc constraint file. [C:/Users/moizc/OneDrive/Desktop/MY AWESOME PROJECTS/vivado/TEMPERATURE_INDICATOR/TEMPERATURE_INDICATOR.srcs/constrs_1/new/TemperatureIndicator.xdc:13]
CRITICAL WARNING: [Designutils 20-1307] Command '//' is not supported in the xdc constraint file. [C:/Users/moizc/OneDrive/Desktop/MY AWESOME PROJECTS/vivado/TEMPERATURE_INDICATOR/TEMPERATURE_INDICATOR.srcs/constrs_1/new/TemperatureIndicator.xdc:23]
Finished Parsing XDC File [C:/Users/moizc/OneDrive/Desktop/MY AWESOME PROJECTS/vivado/TEMPERATURE_INDICATOR/TEMPERATURE_INDICATOR.srcs/constrs_1/new/TemperatureIndicator.xdc]
INFO: [Project 1-236] Implementation specific constraints were found while reading constraint file [C:/Users/moizc/OneDrive/Desktop/MY AWESOME PROJECTS/vivado/TEMPERATURE_INDICATOR/TEMPERATURE_INDICATOR.srcs/constrs_1/new/TemperatureIndicator.xdc]. These constraints will be ignored for synthesis but will be used in implementation. Impacted constraints are listed in the file [.Xil/TemperatureIndicator_propImpl.xdc].
Resolution: To avoid this warning, move constraints listed in [.Xil/TemperatureIndicator_propImpl.xdc] to another XDC file and exclude this new file from synthesis with the used_in_synthesis property (File Properties dialog in GUI) and re-run elaboration/synthesis.
Completed Processing XDC Constraints

Netlist sorting complete. Time (s): cpu = 00:00:00 ; elapsed = 00:00:00 . Memory (MB): peak = 1186.652 ; gain = 0.000
INFO: [Project 1-111] Unisim Transformation Summary:
No Unisim elements were transformed.

Constraint Validation Runtime : Time (s): cpu = 00:00:00 ; elapsed = 00:00:00.003 . Memory (MB): peak = 1186.652 ; gain = 0.000
---------------------------------------------------------------------------------
Finished Constraint Validation : Time (s): cpu = 00:00:27 ; elapsed = 00:00:30 . Memory (MB): peak = 1186.652 ; gain = 624.820
---------------------------------------------------------------------------------
---------------------------------------------------------------------------------
Start Loading Part and Timing Information
---------------------------------------------------------------------------------
Loading part: xc7z007sclg400-1
---------------------------------------------------------------------------------
Finished Loading Part and Timing Information : Time (s): cpu = 00:00:27 ; elapsed = 00:00:30 . Memory (MB): peak = 1186.652 ; gain = 624.820
---------------------------------------------------------------------------------
---------------------------------------------------------------------------------
Start Applying 'set_property' XDC Constraints
---------------------------------------------------------------------------------
---------------------------------------------------------------------------------
Finished applying 'set_property' XDC Constraints : Time (s): cpu = 00:00:27 ; elapsed = 00:00:30 . Memory (MB): peak = 1186.652 ; gain = 624.820
---------------------------------------------------------------------------------
---------------------------------------------------------------------------------
Finished RTL Optimization Phase 2 : Time (s): cpu = 00:00:27 ; elapsed = 00:00:31 . Memory (MB): peak = 1186.652 ; gain = 624.820
---------------------------------------------------------------------------------
---------------------------------------------------------------------------------
Start RTL Component Statistics 
---------------------------------------------------------------------------------
Detailed RTL Component Info : 
---------------------------------------------------------------------------------
Finished RTL Component Statistics 
---------------------------------------------------------------------------------
---------------------------------------------------------------------------------
Start Part Resource Summary
---------------------------------------------------------------------------------
Part Resources:
DSPs: 66 (col length:40)
BRAMs: 100 (col length: RAMB18 40 RAMB36 20)
---------------------------------------------------------------------------------
Finished Part Resource Summary
---------------------------------------------------------------------------------
---------------------------------------------------------------------------------
Start Cross Boundary and Area Optimization
---------------------------------------------------------------------------------
WARNING: [Synth 8-7080] Parallel synthesis criteria is not met
---------------------------------------------------------------------------------
Finished Cross Boundary and Area Optimization : Time (s): cpu = 00:00:30 ; elapsed = 00:00:34 . Memory (MB): peak = 1186.652 ; gain = 624.820
---------------------------------------------------------------------------------
---------------------------------------------------------------------------------
Start Applying XDC Timing Constraints
---------------------------------------------------------------------------------
---------------------------------------------------------------------------------
Finished Applying XDC Timing Constraints : Time (s): cpu = 00:00:41 ; elapsed = 00:00:45 . Memory (MB): peak = 1333.965 ; gain = 772.133
---------------------------------------------------------------------------------
---------------------------------------------------------------------------------
Start Timing Optimization
---------------------------------------------------------------------------------
---------------------------------------------------------------------------------
Finished Timing Optimization : Time (s): cpu = 00:00:41 ; elapsed = 00:00:45 . Memory (MB): peak = 1333.965 ; gain = 772.133
---------------------------------------------------------------------------------
---------------------------------------------------------------------------------
Start Technology Mapping
---------------------------------------------------------------------------------
---------------------------------------------------------------------------------
Finished Technology Mapping : Time (s): cpu = 00:00:41 ; elapsed = 00:00:45 . Memory (MB): peak = 1343.523 ; gain = 781.691
---------------------------------------------------------------------------------
---------------------------------------------------------------------------------
Start IO Insertion
---------------------------------------------------------------------------------
---------------------------------------------------------------------------------
Start Flattening Before IO Insertion
---------------------------------------------------------------------------------
---------------------------------------------------------------------------------
Finished Flattening Before IO Insertion
---------------------------------------------------------------------------------
---------------------------------------------------------------------------------
Start Final Netlist Cleanup
---------------------------------------------------------------------------------
---------------------------------------------------------------------------------
Finished Final Netlist Cleanup
---------------------------------------------------------------------------------
---------------------------------------------------------------------------------
Finished IO Insertion : Time (s): cpu = 00:00:50 ; elapsed = 00:00:55 . Memory (MB): peak = 1560.441 ; gain = 998.609
---------------------------------------------------------------------------------
---------------------------------------------------------------------------------
Start Renaming Generated Instances
---------------------------------------------------------------------------------
---------------------------------------------------------------------------------
Finished Renaming Generated Instances : Time (s): cpu = 00:00:50 ; elapsed = 00:00:55 . Memory (MB): peak = 1560.441 ; gain = 998.609
---------------------------------------------------------------------------------
---------------------------------------------------------------------------------
Start Rebuilding User Hierarchy
---------------------------------------------------------------------------------
---------------------------------------------------------------------------------
Finished Rebuilding User Hierarchy : Time (s): cpu = 00:00:50 ; elapsed = 00:00:55 . Memory (MB): peak = 1560.441 ; gain = 998.609
---------------------------------------------------------------------------------
---------------------------------------------------------------------------------
Start Renaming Generated Ports
---------------------------------------------------------------------------------
---------------------------------------------------------------------------------
Finished Renaming Generated Ports : Time (s): cpu = 00:00:50 ; elapsed = 00:00:55 . Memory (MB): peak = 1560.441 ; gain = 998.609
---------------------------------------------------------------------------------
---------------------------------------------------------------------------------
Start Handling Custom Attributes
---------------------------------------------------------------------------------
---------------------------------------------------------------------------------
Finished Handling Custom Attributes : Time (s): cpu = 00:00:50 ; elapsed = 00:00:55 . Memory (MB): peak = 1560.441 ; gain = 998.609
---------------------------------------------------------------------------------
---------------------------------------------------------------------------------
Start Renaming Generated Nets
---------------------------------------------------------------------------------
---------------------------------------------------------------------------------
Finished Renaming Generated Nets : Time (s): cpu = 00:00:50 ; elapsed = 00:00:55 . Memory (MB): peak = 1560.441 ; gain = 998.609
---------------------------------------------------------------------------------
---------------------------------------------------------------------------------
Start Writing Synthesis Report
---------------------------------------------------------------------------------

Report BlackBoxes: 
+-+--------------+----------+
| |BlackBox name |Instances |
+-+--------------+----------+
+-+--------------+----------+

Report Cell Usage: 
+------+-----+------+
|      |Cell |Count |
+------+-----+------+
|1     |LUT3 |     1|
|2     |LUT6 |     1|
|3     |IBUF |     8|
|4     |OBUF |     1|
+------+-----+------+
---------------------------------------------------------------------------------
Finished Writing Synthesis Report : Time (s): cpu = 00:00:50 ; elapsed = 00:00:55 . Memory (MB): peak = 1560.441 ; gain = 998.609
---------------------------------------------------------------------------------
Synthesis finished with 0 errors, 0 critical warnings and 1 warnings.
Synthesis Optimization Runtime : Time (s): cpu = 00:00:35 ; elapsed = 00:00:51 . Memory (MB): peak = 1560.441 ; gain = 945.008
Synthesis Optimization Complete : Time (s): cpu = 00:00:51 ; elapsed = 00:00:55 . Memory (MB): peak = 1560.441 ; gain = 998.609
INFO: [Project 1-571] Translating synthesized netlist
Netlist sorting complete. Time (s): cpu = 00:00:00 ; elapsed = 00:00:00 . Memory (MB): peak = 1569.586 ; gain = 0.000
INFO: [Project 1-570] Preparing netlist for logic optimization
INFO: [Opt 31-138] Pushed 0 inverter(s) to 0 load pin(s).
Netlist sorting complete. Time (s): cpu = 00:00:00 ; elapsed = 00:00:00 . Memory (MB): peak = 1573.219 ; gain = 0.000
INFO: [Project 1-111] Unisim Transformation Summary:
No Unisim elements were transformed.

Synth Design complete | Checksum: b1c325f5
INFO: [Common 17-83] Releasing license: Synthesis
15 Infos, 1 Warnings, 13 Critical Warnings and 0 Errors encountered.
synth_design completed successfully
synth_design: Time (s): cpu = 00:00:58 ; elapsed = 00:01:23 . Memory (MB): peak = 1573.219 ; gain = 1225.523
INFO: [runtcl-6] Synthesis results are not added to the cache due to CRITICAL_WARNING
Write ShapeDB Complete: Time (s): cpu = 00:00:00 ; elapsed = 00:00:00.001 . Memory (MB): peak = 1573.219 ; gain = 0.000
INFO: [Common 17-1381] The checkpoint 'C:/Users/moizc/OneDrive/Desktop/MY AWESOME PROJECTS/vivado/TEMPERATURE_INDICATOR/TEMPERATURE_INDICATOR.runs/synth_1/TemperatureIndicator.dcp' has been generated.
INFO: [Vivado 12-24828] Executing command : report_utilization -file TemperatureIndicator_utilization_synth.rpt -pb TemperatureIndicator_utilization_synth.pb
INFO: [Common 17-206] Exiting Vivado at Wed May 28 15:25:09 2025...
