Vivado Simulator v2024.2.0
Copyright 1986-2022 Xilinx, Inc. All Rights Reserved.
Copyright 2022-2024 Advanced Micro Devices, Inc. All Rights Reserved.
Running: C:/Xilinx/Vivado/2024.2/bin/unwrapped/win64.o/xelab.exe --incr --debug typical --relax --mt 2 -L xil_defaultlib -L uvm -L unisims_ver -L secureip --snapshot ALU_TestBench_func_impl xil_defaultlib.ALU_TestBench xil_defaultlib.glbl -log elaborate.log 
Using 2 slave threads.
Starting static elaboration
Pass Through NonSizing Optimizer
Completed static elaboration
Starting simulation data flow analysis
Completed simulation data flow analysis
Time Resolution for simulation is 1ps
Compiling module unisims_ver.LUT5
Compiling module unisims_ver.FDRE_default
Compiling module xil_defaultlib.Register
Compiling module unisims_ver.x_lut3_mux8
Compiling module unisims_ver.LUT3
Compiling module unisims_ver.LUT6
Compiling module unisims_ver.x_lut2_mux4
Compiling module unisims_ver.LUT2
Compiling module unisims_ver.CARRY4
Compiling module xil_defaultlib.Register_0
Compiling module unisims_ver.OBUF
Compiling module unisims_ver.LUT4
Compiling module unisims_ver.MUXF7
Compiling module xil_defaultlib.ALU
Compiling module unisims_ver.BUFG
Compiling module unisims_ver.IBUF
Compiling module unisims_ver.x_lut1_mux2
Compiling module unisims_ver.LUT1
Compiling module xil_defaultlib.ClockDivider
Compiling module xil_defaultlib.btnReg_9
Compiling module xil_defaultlib.btnReg_10
Compiling module xil_defaultlib.PushButtonDebouncer
Compiling module xil_defaultlib.btnReg_7
Compiling module xil_defaultlib.btnReg_8
Compiling module xil_defaultlib.PushButtonDebouncer_1
Compiling module xil_defaultlib.btnReg_5
Compiling module xil_defaultlib.btnReg_6
Compiling module xil_defaultlib.PushButtonDebouncer_2
Compiling module xil_defaultlib.btnReg
Compiling module xil_defaultlib.btnReg_4
Compiling module xil_defaultlib.PushButtonDebouncer_3
Compiling module xil_defaultlib.counter
Compiling module xil_defaultlib.SevenSeg
Compiling module xil_defaultlib.ArithmeticLogicUnit8Bit
Compiling module xil_defaultlib.ALU_TestBench
Compiling module xil_defaultlib.glbl
Built simulation snapshot ALU_TestBench_func_impl
