
*** Running vivado
    with args -log AutomobileControllerSys.vds -m64 -product Vivado -mode batch -messageDb vivado.pb -notrace -source AutomobileControllerSys.tcl



****** Vivado v2024.2 (64-bit)
  **** SW Build 5239630 on Fri Nov 08 22:35:27 MST 2024
  **** IP Build 5239520 on Sun Nov 10 16:12:51 MST 2024
  **** SharedData Build 5239561 on Fri Nov 08 14:39:27 MST 2024
  **** Start of session at: Sun May 18 19:41:42 2025
    ** Copyright 1986-2022 Xilinx, Inc. All Rights Reserved.
    ** Copyright 2022-2024 Advanced Micro Devices, Inc. All Rights Reserved.

source AutomobileControllerSys.tcl -notrace
Command: read_checkpoint -auto_incremental -incremental {C:/Users/moizc/OneDrive/Desktop/MY AWESOME PROJECTS/vivado/AutomobileControllerSystem/AutomobileControllerSystem.srcs/utils_1/imports/synth_1/AutomobileControllerSys.dcp}
INFO: [Vivado 12-5825] Read reference checkpoint from C:/Users/moizc/OneDrive/Desktop/MY AWESOME PROJECTS/vivado/AutomobileControllerSystem/AutomobileControllerSystem.srcs/utils_1/imports/synth_1/AutomobileControllerSys.dcp for incremental synthesis
INFO: [Vivado 12-7989] Please ensure there are no constraint changes
Command: synth_design -top AutomobileControllerSys -part xc7z007sclg400-1
Starting synth_design
Attempting to get a license for feature 'Synthesis' and/or device 'xc7z007s'
INFO: [Common 17-349] Got license for feature 'Synthesis' and/or device 'xc7z007s'
INFO: [Device 21-403] Loading part xc7z007sclg400-1
INFO: [Designutils 20-5440] No compile time benefit to using incremental synthesis; A full resynthesis will be run
INFO: [Designutils 20-4379] Flow is switching to default flow due to incremental criteria not met. If you would like to alter this behaviour and have the flow terminate instead, please set the following parameter config_implementation {autoIncr.Synth.RejectBehavior Terminate}
INFO: [Synth 8-7079] Multithreading enabled for synth_design using a maximum of 2 processes.
INFO: [Synth 8-7078] Launching helper process for spawning children vivado processes
INFO: [Synth 8-7075] Helper process launched with PID 15752
---------------------------------------------------------------------------------
Starting RTL Elaboration : Time (s): cpu = 00:00:12 ; elapsed = 00:00:13 . Memory (MB): peak = 1033.418 ; gain = 469.305
---------------------------------------------------------------------------------
INFO: [Synth 8-6157] synthesizing module 'AutomobileControllerSys' [C:/Users/moizc/OneDrive/Desktop/MY AWESOME PROJECTS/vivado/AutomobileControllerSystem/AutomobileControllerSystem.srcs/sources_1/new/AutomobileControllerSys.sv:10]
INFO: [Synth 8-6155] done synthesizing module 'AutomobileControllerSys' (0#1) [C:/Users/moizc/OneDrive/Desktop/MY AWESOME PROJECTS/vivado/AutomobileControllerSystem/AutomobileControllerSystem.srcs/sources_1/new/AutomobileControllerSys.sv:10]
---------------------------------------------------------------------------------
Finished RTL Elaboration : Time (s): cpu = 00:00:15 ; elapsed = 00:00:16 . Memory (MB): peak = 1138.145 ; gain = 574.031
---------------------------------------------------------------------------------
---------------------------------------------------------------------------------
Start Handling Custom Attributes
---------------------------------------------------------------------------------
---------------------------------------------------------------------------------
Finished Handling Custom Attributes : Time (s): cpu = 00:00:15 ; elapsed = 00:00:16 . Memory (MB): peak = 1138.145 ; gain = 574.031
---------------------------------------------------------------------------------
---------------------------------------------------------------------------------
Finished RTL Optimization Phase 1 : Time (s): cpu = 00:00:15 ; elapsed = 00:00:16 . Memory (MB): peak = 1138.145 ; gain = 574.031
---------------------------------------------------------------------------------
Netlist sorting complete. Time (s): cpu = 00:00:00 ; elapsed = 00:00:00.001 . Memory (MB): peak = 1138.145 ; gain = 0.000
INFO: [Project 1-570] Preparing netlist for logic optimization

Processing XDC Constraints
Initializing timing engine
Parsing XDC File [C:/Users/moizc/OneDrive/Desktop/MY AWESOME PROJECTS/vivado/AutomobileControllerSystem/AutomobileControllerSystem.srcs/constrs_1/new/AutomobileControllerSysConst.xdc]
CRITICAL WARNING: [Designutils 20-970] Unrecognized or unsupported command '/* GOAL: Create a design that informs a user about vehicle conditions' found in constraint file. [C:/Users/moizc/OneDrive/Desktop/MY AWESOME PROJECTS/vivado/AutomobileControllerSystem/AutomobileControllerSystem.srcs/constrs_1/new/AutomobileControllerSysConst.xdc:1]
CRITICAL WARNING: [Designutils 20-970] Unrecognized or unsupported command '* Y and R represent a yellow LED and red LED respectively' found in constraint file. [C:/Users/moizc/OneDrive/Desktop/MY AWESOME PROJECTS/vivado/AutomobileControllerSystem/AutomobileControllerSystem.srcs/constrs_1/new/AutomobileControllerSysConst.xdc:2]
CRITICAL WARNING: [Designutils 20-970] Unrecognized or unsupported command '* Y split into two variables to mix green and red LED colours to make a yellow colour' found in constraint file. [C:/Users/moizc/OneDrive/Desktop/MY AWESOME PROJECTS/vivado/AutomobileControllerSystem/AutomobileControllerSystem.srcs/constrs_1/new/AutomobileControllerSysConst.xdc:3]
CRITICAL WARNING: [Designutils 20-970] Unrecognized or unsupported command '* Based on Coolant Temperature (CT), Coolant Low (CL), Oil Temperature (OT), and Oil Low (OL)' found in constraint file. [C:/Users/moizc/OneDrive/Desktop/MY AWESOME PROJECTS/vivado/AutomobileControllerSystem/AutomobileControllerSystem.srcs/constrs_1/new/AutomobileControllerSysConst.xdc:4]
CRITICAL WARNING: [Designutils 20-970] Unrecognized or unsupported command '*' found in constraint file. [C:/Users/moizc/OneDrive/Desktop/MY AWESOME PROJECTS/vivado/AutomobileControllerSystem/AutomobileControllerSystem.srcs/constrs_1/new/AutomobileControllerSysConst.xdc:5]
CRITICAL WARNING: [Designutils 20-970] Unrecognized or unsupported command '* Created by: MorphoCH22' found in constraint file. [C:/Users/moizc/OneDrive/Desktop/MY AWESOME PROJECTS/vivado/AutomobileControllerSystem/AutomobileControllerSystem.srcs/constrs_1/new/AutomobileControllerSysConst.xdc:6]
CRITICAL WARNING: [Designutils 20-970] Unrecognized or unsupported command '* Board used: RealDigital Blackboard (Xilinx XC7007S ZYNQ)' found in constraint file. [C:/Users/moizc/OneDrive/Desktop/MY AWESOME PROJECTS/vivado/AutomobileControllerSystem/AutomobileControllerSystem.srcs/constrs_1/new/AutomobileControllerSysConst.xdc:7]
CRITICAL WARNING: [Designutils 20-970] Unrecognized or unsupported command '*/' found in constraint file. [C:/Users/moizc/OneDrive/Desktop/MY AWESOME PROJECTS/vivado/AutomobileControllerSystem/AutomobileControllerSystem.srcs/constrs_1/new/AutomobileControllerSysConst.xdc:8]
CRITICAL WARNING: [Designutils 20-1307] Command '//' is not supported in the xdc constraint file. [C:/Users/moizc/OneDrive/Desktop/MY AWESOME PROJECTS/vivado/AutomobileControllerSystem/AutomobileControllerSystem.srcs/constrs_1/new/AutomobileControllerSysConst.xdc:10]
CRITICAL WARNING: [Designutils 20-1307] Command '//' is not supported in the xdc constraint file. [C:/Users/moizc/OneDrive/Desktop/MY AWESOME PROJECTS/vivado/AutomobileControllerSystem/AutomobileControllerSystem.srcs/constrs_1/new/AutomobileControllerSysConst.xdc:16]
Finished Parsing XDC File [C:/Users/moizc/OneDrive/Desktop/MY AWESOME PROJECTS/vivado/AutomobileControllerSystem/AutomobileControllerSystem.srcs/constrs_1/new/AutomobileControllerSysConst.xdc]
INFO: [Project 1-236] Implementation specific constraints were found while reading constraint file [C:/Users/moizc/OneDrive/Desktop/MY AWESOME PROJECTS/vivado/AutomobileControllerSystem/AutomobileControllerSystem.srcs/constrs_1/new/AutomobileControllerSysConst.xdc]. These constraints will be ignored for synthesis but will be used in implementation. Impacted constraints are listed in the file [.Xil/AutomobileControllerSys_propImpl.xdc].
Resolution: To avoid this warning, move constraints listed in [.Xil/AutomobileControllerSys_propImpl.xdc] to another XDC file and exclude this new file from synthesis with the used_in_synthesis property (File Properties dialog in GUI) and re-run elaboration/synthesis.
Completed Processing XDC Constraints

Netlist sorting complete. Time (s): cpu = 00:00:00 ; elapsed = 00:00:00.001 . Memory (MB): peak = 1188.719 ; gain = 0.000
INFO: [Project 1-111] Unisim Transformation Summary:
No Unisim elements were transformed.

Constraint Validation Runtime : Time (s): cpu = 00:00:00 ; elapsed = 00:00:00.003 . Memory (MB): peak = 1188.719 ; gain = 0.000
INFO: [Designutils 20-5440] No compile time benefit to using incremental synthesis; A full resynthesis will be run
INFO: [Designutils 20-4379] Flow is switching to default flow due to incremental criteria not met. If you would like to alter this behaviour and have the flow terminate instead, please set the following parameter config_implementation {autoIncr.Synth.RejectBehavior Terminate}
---------------------------------------------------------------------------------
Finished Constraint Validation : Time (s): cpu = 00:00:31 ; elapsed = 00:00:33 . Memory (MB): peak = 1188.719 ; gain = 624.605
---------------------------------------------------------------------------------
---------------------------------------------------------------------------------
Start Loading Part and Timing Information
---------------------------------------------------------------------------------
Loading part: xc7z007sclg400-1
---------------------------------------------------------------------------------
Finished Loading Part and Timing Information : Time (s): cpu = 00:00:31 ; elapsed = 00:00:33 . Memory (MB): peak = 1188.719 ; gain = 624.605
---------------------------------------------------------------------------------
---------------------------------------------------------------------------------
Start Applying 'set_property' XDC Constraints
---------------------------------------------------------------------------------
---------------------------------------------------------------------------------
Finished applying 'set_property' XDC Constraints : Time (s): cpu = 00:00:31 ; elapsed = 00:00:33 . Memory (MB): peak = 1188.719 ; gain = 624.605
---------------------------------------------------------------------------------
---------------------------------------------------------------------------------
Finished RTL Optimization Phase 2 : Time (s): cpu = 00:00:31 ; elapsed = 00:00:34 . Memory (MB): peak = 1188.719 ; gain = 624.605
---------------------------------------------------------------------------------
---------------------------------------------------------------------------------
Start RTL Component Statistics 
---------------------------------------------------------------------------------
Detailed RTL Component Info : 
---------------------------------------------------------------------------------
Finished RTL Component Statistics 
---------------------------------------------------------------------------------
---------------------------------------------------------------------------------
Start Part Resource Summary
---------------------------------------------------------------------------------
Part Resources:
DSPs: 66 (col length:40)
BRAMs: 100 (col length: RAMB18 40 RAMB36 20)
---------------------------------------------------------------------------------
Finished Part Resource Summary
---------------------------------------------------------------------------------
---------------------------------------------------------------------------------
Start Cross Boundary and Area Optimization
---------------------------------------------------------------------------------
WARNING: [Synth 8-7080] Parallel synthesis criteria is not met
---------------------------------------------------------------------------------
Finished Cross Boundary and Area Optimization : Time (s): cpu = 00:00:35 ; elapsed = 00:00:37 . Memory (MB): peak = 1188.719 ; gain = 624.605
---------------------------------------------------------------------------------
---------------------------------------------------------------------------------
Start Applying XDC Timing Constraints
---------------------------------------------------------------------------------
---------------------------------------------------------------------------------
Finished Applying XDC Timing Constraints : Time (s): cpu = 00:00:47 ; elapsed = 00:00:51 . Memory (MB): peak = 1318.965 ; gain = 754.852
---------------------------------------------------------------------------------
---------------------------------------------------------------------------------
Start Timing Optimization
---------------------------------------------------------------------------------
---------------------------------------------------------------------------------
Finished Timing Optimization : Time (s): cpu = 00:00:47 ; elapsed = 00:00:51 . Memory (MB): peak = 1318.965 ; gain = 754.852
---------------------------------------------------------------------------------
---------------------------------------------------------------------------------
Start Technology Mapping
---------------------------------------------------------------------------------
---------------------------------------------------------------------------------
Finished Technology Mapping : Time (s): cpu = 00:00:48 ; elapsed = 00:00:51 . Memory (MB): peak = 1328.539 ; gain = 764.426
---------------------------------------------------------------------------------
---------------------------------------------------------------------------------
Start IO Insertion
---------------------------------------------------------------------------------
---------------------------------------------------------------------------------
Start Flattening Before IO Insertion
---------------------------------------------------------------------------------
---------------------------------------------------------------------------------
Finished Flattening Before IO Insertion
---------------------------------------------------------------------------------
---------------------------------------------------------------------------------
Start Final Netlist Cleanup
---------------------------------------------------------------------------------
---------------------------------------------------------------------------------
Finished Final Netlist Cleanup
---------------------------------------------------------------------------------
---------------------------------------------------------------------------------
Finished IO Insertion : Time (s): cpu = 00:00:58 ; elapsed = 00:01:01 . Memory (MB): peak = 1545.477 ; gain = 981.363
---------------------------------------------------------------------------------
---------------------------------------------------------------------------------
Start Renaming Generated Instances
---------------------------------------------------------------------------------
---------------------------------------------------------------------------------
Finished Renaming Generated Instances : Time (s): cpu = 00:00:58 ; elapsed = 00:01:01 . Memory (MB): peak = 1545.477 ; gain = 981.363
---------------------------------------------------------------------------------
---------------------------------------------------------------------------------
Start Rebuilding User Hierarchy
---------------------------------------------------------------------------------
---------------------------------------------------------------------------------
Finished Rebuilding User Hierarchy : Time (s): cpu = 00:00:58 ; elapsed = 00:01:01 . Memory (MB): peak = 1545.477 ; gain = 981.363
---------------------------------------------------------------------------------
---------------------------------------------------------------------------------
Start Renaming Generated Ports
---------------------------------------------------------------------------------
---------------------------------------------------------------------------------
Finished Renaming Generated Ports : Time (s): cpu = 00:00:58 ; elapsed = 00:01:01 . Memory (MB): peak = 1545.477 ; gain = 981.363
---------------------------------------------------------------------------------
---------------------------------------------------------------------------------
Start Handling Custom Attributes
---------------------------------------------------------------------------------
---------------------------------------------------------------------------------
Finished Handling Custom Attributes : Time (s): cpu = 00:00:58 ; elapsed = 00:01:01 . Memory (MB): peak = 1545.477 ; gain = 981.363
---------------------------------------------------------------------------------
---------------------------------------------------------------------------------
Start Renaming Generated Nets
---------------------------------------------------------------------------------
---------------------------------------------------------------------------------
Finished Renaming Generated Nets : Time (s): cpu = 00:00:58 ; elapsed = 00:01:01 . Memory (MB): peak = 1545.477 ; gain = 981.363
---------------------------------------------------------------------------------
---------------------------------------------------------------------------------
Start Writing Synthesis Report
---------------------------------------------------------------------------------

Report BlackBoxes: 
+-+--------------+----------+
| |BlackBox name |Instances |
+-+--------------+----------+
+-+--------------+----------+

Report Cell Usage: 
+------+-----+------+
|      |Cell |Count |
+------+-----+------+
|1     |LUT4 |     2|
|2     |IBUF |     4|
|3     |OBUF |     3|
+------+-----+------+
---------------------------------------------------------------------------------
Finished Writing Synthesis Report : Time (s): cpu = 00:00:58 ; elapsed = 00:01:01 . Memory (MB): peak = 1545.477 ; gain = 981.363
---------------------------------------------------------------------------------
Synthesis finished with 0 errors, 0 critical warnings and 1 warnings.
Synthesis Optimization Runtime : Time (s): cpu = 00:00:40 ; elapsed = 00:00:58 . Memory (MB): peak = 1545.477 ; gain = 930.789
Synthesis Optimization Complete : Time (s): cpu = 00:00:58 ; elapsed = 00:01:02 . Memory (MB): peak = 1545.477 ; gain = 981.363
INFO: [Project 1-571] Translating synthesized netlist
Netlist sorting complete. Time (s): cpu = 00:00:00 ; elapsed = 00:00:00 . Memory (MB): peak = 1545.477 ; gain = 0.000
INFO: [Project 1-570] Preparing netlist for logic optimization
INFO: [Opt 31-138] Pushed 0 inverter(s) to 0 load pin(s).
Netlist sorting complete. Time (s): cpu = 00:00:00 ; elapsed = 00:00:00 . Memory (MB): peak = 1545.477 ; gain = 0.000
INFO: [Project 1-111] Unisim Transformation Summary:
No Unisim elements were transformed.

Synth Design complete | Checksum: 9f7fe0eb
INFO: [Common 17-83] Releasing license: Synthesis
21 Infos, 1 Warnings, 10 Critical Warnings and 0 Errors encountered.
synth_design completed successfully
synth_design: Time (s): cpu = 00:01:07 ; elapsed = 00:01:15 . Memory (MB): peak = 1545.477 ; gain = 1194.965
INFO: [runtcl-6] Synthesis results are not added to the cache due to CRITICAL_WARNING
Write ShapeDB Complete: Time (s): cpu = 00:00:00 ; elapsed = 00:00:00.002 . Memory (MB): peak = 1545.477 ; gain = 0.000
INFO: [Common 17-1381] The checkpoint 'C:/Users/moizc/OneDrive/Desktop/MY AWESOME PROJECTS/vivado/AutomobileControllerSystem/AutomobileControllerSystem.runs/synth_1/AutomobileControllerSys.dcp' has been generated.
INFO: [Vivado 12-24828] Executing command : report_utilization -file AutomobileControllerSys_utilization_synth.rpt -pb AutomobileControllerSys_utilization_synth.pb
INFO: [Common 17-206] Exiting Vivado at Sun May 18 19:43:06 2025...
