#-----------------------------------------------------------
# Vivado v2024.2 (64-bit)
# SW Build 5239630 on Fri Nov 08 22:35:27 MST 2024
# IP Build 5239520 on Sun Nov 10 16:12:51 MST 2024
# SharedData Build 5239561 on Fri Nov 08 14:39:27 MST 2024
# Start of session at: Mon Oct 13 17:53:10 2025
# Process ID         : 9816
# Current directory  : C:/Users/moizc/Desktop/MYAWESOMEPROJECTS/vivado/Personal/ARITHMETIC_LOGIC_UNIT_PROJECT/ARITHMETIC_LOGIC_UNIT
# Command line       : vivado.exe -gui_launcher_event rodinguilauncherevent8012 C:\Users\moizc\Desktop\MYAWESOMEPROJECTS\vivado\Personal\ARITHMETIC_LOGIC_UNIT_PROJECT\ARITHMETIC_LOGIC_UNIT\ARITHMETIC_LOGIC_UNIT.xpr
# Log file           : C:/Users/moizc/Desktop/MYAWESOMEPROJECTS/vivado/Personal/ARITHMETIC_LOGIC_UNIT_PROJECT/ARITHMETIC_LOGIC_UNIT/vivado.log
# Journal file       : C:/Users/moizc/Desktop/MYAWESOMEPROJECTS/vivado/Personal/ARITHMETIC_LOGIC_UNIT_PROJECT/ARITHMETIC_LOGIC_UNIT\vivado.jou
# Running On         : Moss
# Platform           : Windows Server 2016 or Windows 10
# Operating System   : 26100
# Processor Detail   : AMD Ryzen 5 7520U with Radeon Graphics         
# CPU Frequency      : 2795 MHz
# CPU Physical cores : 4
# CPU Logical cores  : 8
# Host memory        : 16363 MB
# Swap memory        : 2818 MB
# Total Virtual      : 19181 MB
# Available Virtual  : 14886 MB
#-----------------------------------------------------------
start_gui
open_project C:/Users/moizc/Desktop/MYAWESOMEPROJECTS/vivado/Personal/ARITHMETIC_LOGIC_UNIT_PROJECT/ARITHMETIC_LOGIC_UNIT/ARITHMETIC_LOGIC_UNIT.xpr
INFO: [ProjectBase 1-489] The host OS only allows 260 characters in a normal path. The project is stored in a path with more than 80 characters. If you experience issues with IP, Block Designs, or files not being found, please consider moving the project to a location with a shorter path. Alternately consider using the OS subst command to map part of the path to a drive letter.
Current project path is 'C:/Users/moizc/Desktop/MYAWESOMEPROJECTS/vivado/Personal/ARITHMETIC_LOGIC_UNIT_PROJECT/ARITHMETIC_LOGIC_UNIT'
INFO: [Project 1-313] Project file moved from 'C:/Users/moizc/Desktop/MY AWESOME PROJECTS/vivado/RealDigital/Major_Projects/ARITHMETIC_LOGIC_UNIT_PROJECT/ARITHMETIC_LOGIC_UNIT' since last save.
INFO: [filemgmt 56-3] Default IP Output Path : Could not find the directory 'C:/Users/moizc/Desktop/MYAWESOMEPROJECTS/vivado/Personal/ARITHMETIC_LOGIC_UNIT_PROJECT/ARITHMETIC_LOGIC_UNIT/ARITHMETIC_LOGIC_UNIT.gen/sources_1'.
Scanning sources...
Finished scanning sources
INFO: [IP_Flow 19-234] Refreshing IP repositories
INFO: [IP_Flow 19-1704] No user IP repositories specified
INFO: [IP_Flow 19-2313] Loaded Vivado IP repository 'C:/Xilinx/Vivado/2024.2/data/ip'.
open_project: Time (s): cpu = 00:00:28 ; elapsed = 00:00:12 . Memory (MB): peak = 1223.781 ; gain = 153.582
export_ip_user_files -of_objects  [get_files C:/Users/moizc/Desktop/MYAWESOMEPROJECTS/vivado/Personal/ARITHMETIC_LOGIC_UNIT_PROJECT/ARITHMETIC_LOGIC_UNIT/ARITHMETIC_LOGIC_UNIT.srcs/sim_1/new/ALU_TestBench.sv] -no_script -reset -force -quiet
remove_files  -fileset sim_1 C:/Users/moizc/Desktop/MYAWESOMEPROJECTS/vivado/Personal/ARITHMETIC_LOGIC_UNIT_PROJECT/ARITHMETIC_LOGIC_UNIT/ARITHMETIC_LOGIC_UNIT.srcs/sim_1/new/ALU_TestBench.sv
exit
INFO: [Common 17-206] Exiting Vivado at Mon Oct 13 17:54:55 2025...
