Vivado Simulator v2024.2.0
Copyright 1986-2022 Xilinx, Inc. All Rights Reserved.
Copyright 2022-2024 Advanced Micro Devices, Inc. All Rights Reserved.
Running: C:/Xilinx/Vivado/2024.2/bin/unwrapped/win64.o/xelab.exe --incr --debug typical --relax --mt 2 --maxdelay -L xil_defaultlib -L uvm -L simprims_ver -L secureip --snapshot ALU_TestBench_time_impl -transport_int_delays -pulse_r 0 -pulse_int_r 0 -pulse_e 0 -pulse_int_e 0 xil_defaultlib.ALU_TestBench xil_defaultlib.glbl -log elaborate.log 
Using 2 slave threads.
Starting static elaboration
Pass Through NonSizing Optimizer
Completed static elaboration
Starting simulation data flow analysis
Completed simulation data flow analysis
INFO: [XSIM 43-3451] SDF backannotation process started with SDF file "ALU_TestBench_time_impl.sdf", for root module "ALU_TestBench/cut".
INFO: [XSIM 43-3452] SDF backannotation was successful for SDF file "ALU_TestBench_time_impl.sdf", for root module "ALU_TestBench/cut".
Time Resolution for simulation is 1ps
Compiling module simprims_ver.LUT5
Compiling module simprims_ver.FDRE_default
Compiling module xil_defaultlib.Register
Compiling module simprims_ver.x_lut3_mux8
Compiling module simprims_ver.LUT3
Compiling module simprims_ver.LUT6
Compiling module simprims_ver.x_lut2_mux4
Compiling module simprims_ver.LUT2
Compiling module simprims_ver.CARRY4
Compiling module xil_defaultlib.Register_0
Compiling module simprims_ver.OBUF
Compiling module simprims_ver.LUT4
Compiling module simprims_ver.MUXF7
Compiling module xil_defaultlib.ALU
Compiling module simprims_ver.BUFG
Compiling module simprims_ver.IBUF
Compiling module simprims_ver.x_lut1_mux2
Compiling module simprims_ver.LUT1
Compiling module xil_defaultlib.ClockDivider
Compiling module xil_defaultlib.btnReg_6
Compiling module xil_defaultlib.btnReg_7
Compiling module xil_defaultlib.PushButtonDebouncer
Compiling module xil_defaultlib.btnReg_4
Compiling module xil_defaultlib.btnReg_5
Compiling module xil_defaultlib.PushButtonDebouncer_1
Compiling module xil_defaultlib.btnReg
Compiling module xil_defaultlib.btnReg_3
Compiling module xil_defaultlib.PushButtonDebouncer_2
Compiling module xil_defaultlib.counter
Compiling module xil_defaultlib.SevenSeg
Compiling module xil_defaultlib.ArithmeticLogicUnit8Bit
Compiling module xil_defaultlib.ALU_TestBench
Compiling module xil_defaultlib.glbl
Built simulation snapshot ALU_TestBench_time_impl
