
*** Running vivado
    with args -log BarrelShifter.vds -m64 -product Vivado -mode batch -messageDb vivado.pb -notrace -source BarrelShifter.tcl



****** Vivado v2024.2 (64-bit)
  **** SW Build 5239630 on Fri Nov 08 22:35:27 MST 2024
  **** IP Build 5239520 on Sun Nov 10 16:12:51 MST 2024
  **** SharedData Build 5239561 on Fri Nov 08 14:39:27 MST 2024
  **** Start of session at: Tue Jul  1 23:55:17 2025
    ** Copyright 1986-2022 Xilinx, Inc. All Rights Reserved.
    ** Copyright 2022-2024 Advanced Micro Devices, Inc. All Rights Reserved.

source BarrelShifter.tcl -notrace
Command: read_checkpoint -auto_incremental -incremental {C:/Users/moizc/Desktop/MY AWESOME PROJECTS/vivado/WIP/Shift_Registers/Shift_Registers.srcs/utils_1/imports/synth_1/PIPOShifter.dcp}
INFO: [Vivado 12-5825] Read reference checkpoint from C:/Users/moizc/Desktop/MY AWESOME PROJECTS/vivado/WIP/Shift_Registers/Shift_Registers.srcs/utils_1/imports/synth_1/PIPOShifter.dcp for incremental synthesis
INFO: [Vivado 12-7989] Please ensure there are no constraint changes
Command: synth_design -top BarrelShifter -part xc7z007sclg400-1
Starting synth_design
Attempting to get a license for feature 'Synthesis' and/or device 'xc7z007s'
INFO: [Common 17-349] Got license for feature 'Synthesis' and/or device 'xc7z007s'
INFO: [Device 21-403] Loading part xc7z007sclg400-1
INFO: [Designutils 20-5440] No compile time benefit to using incremental synthesis; A full resynthesis will be run
INFO: [Designutils 20-4379] Flow is switching to default flow due to incremental criteria not met. If you would like to alter this behaviour and have the flow terminate instead, please set the following parameter config_implementation {autoIncr.Synth.RejectBehavior Terminate}
INFO: [Synth 8-7079] Multithreading enabled for synth_design using a maximum of 2 processes.
INFO: [Synth 8-7078] Launching helper process for spawning children vivado processes
INFO: [Synth 8-7075] Helper process launched with PID 18416
---------------------------------------------------------------------------------
Starting RTL Elaboration : Time (s): cpu = 00:00:12 ; elapsed = 00:00:13 . Memory (MB): peak = 1032.805 ; gain = 468.902
---------------------------------------------------------------------------------
INFO: [Synth 8-6157] synthesizing module 'BarrelShifter' [C:/Users/moizc/Desktop/MY AWESOME PROJECTS/vivado/WIP/Shift_Registers/Shift_Registers.srcs/sources_1/new/BarrelShifter.sv:2]
INFO: [Synth 8-6157] synthesizing module 'ClockDivider' [C:/Users/moizc/Desktop/MY AWESOME PROJECTS/vivado/WIP/Shift_Registers/Shift_Registers.srcs/sources_1/new/ClockDivider.sv:3]
INFO: [Synth 8-6155] done synthesizing module 'ClockDivider' (0#1) [C:/Users/moizc/Desktop/MY AWESOME PROJECTS/vivado/WIP/Shift_Registers/Shift_Registers.srcs/sources_1/new/ClockDivider.sv:3]
INFO: [Synth 8-6157] synthesizing module 'PushButtonDebouncer' [C:/Users/moizc/Desktop/MY AWESOME PROJECTS/vivado/WIP/Shift_Registers/Shift_Registers.srcs/sources_1/new/PushButtonDebouncer.sv:3]
INFO: [Synth 8-6157] synthesizing module 'SIPOreg' [C:/Users/moizc/Desktop/MY AWESOME PROJECTS/vivado/WIP/Shift_Registers/Shift_Registers.srcs/sources_1/new/SIPOreg.sv:3]
INFO: [Synth 8-6155] done synthesizing module 'SIPOreg' (0#1) [C:/Users/moizc/Desktop/MY AWESOME PROJECTS/vivado/WIP/Shift_Registers/Shift_Registers.srcs/sources_1/new/SIPOreg.sv:3]
INFO: [Synth 8-6155] done synthesizing module 'PushButtonDebouncer' (0#1) [C:/Users/moizc/Desktop/MY AWESOME PROJECTS/vivado/WIP/Shift_Registers/Shift_Registers.srcs/sources_1/new/PushButtonDebouncer.sv:3]
INFO: [Synth 8-6157] synthesizing module 'PIPOreg' [C:/Users/moizc/Desktop/MY AWESOME PROJECTS/vivado/WIP/Shift_Registers/Shift_Registers.srcs/sources_1/new/PIPOreg.sv:2]
INFO: [Synth 8-6155] done synthesizing module 'PIPOreg' (0#1) [C:/Users/moizc/Desktop/MY AWESOME PROJECTS/vivado/WIP/Shift_Registers/Shift_Registers.srcs/sources_1/new/PIPOreg.sv:2]
INFO: [Synth 8-6155] done synthesizing module 'BarrelShifter' (0#1) [C:/Users/moizc/Desktop/MY AWESOME PROJECTS/vivado/WIP/Shift_Registers/Shift_Registers.srcs/sources_1/new/BarrelShifter.sv:2]
---------------------------------------------------------------------------------
Finished RTL Elaboration : Time (s): cpu = 00:00:15 ; elapsed = 00:00:16 . Memory (MB): peak = 1137.520 ; gain = 573.617
---------------------------------------------------------------------------------
---------------------------------------------------------------------------------
Start Handling Custom Attributes
---------------------------------------------------------------------------------
---------------------------------------------------------------------------------
Finished Handling Custom Attributes : Time (s): cpu = 00:00:15 ; elapsed = 00:00:16 . Memory (MB): peak = 1137.520 ; gain = 573.617
---------------------------------------------------------------------------------
---------------------------------------------------------------------------------
Finished RTL Optimization Phase 1 : Time (s): cpu = 00:00:15 ; elapsed = 00:00:16 . Memory (MB): peak = 1137.520 ; gain = 573.617
---------------------------------------------------------------------------------
Netlist sorting complete. Time (s): cpu = 00:00:00 ; elapsed = 00:00:00.002 . Memory (MB): peak = 1137.520 ; gain = 0.000
INFO: [Project 1-570] Preparing netlist for logic optimization

Processing XDC Constraints
Initializing timing engine
Parsing XDC File [C:/Users/moizc/Desktop/MY AWESOME PROJECTS/vivado/WIP/Shift_Registers/Shift_Registers.srcs/constrs_1/new/PIPO.xdc]
WARNING: [Vivado 12-584] No ports matched 'En'. [C:/Users/moizc/Desktop/MY AWESOME PROJECTS/vivado/WIP/Shift_Registers/Shift_Registers.srcs/constrs_1/new/PIPO.xdc:15]
CRITICAL WARNING: [Common 17-55] 'set_property' expects at least one object. [C:/Users/moizc/Desktop/MY AWESOME PROJECTS/vivado/WIP/Shift_Registers/Shift_Registers.srcs/constrs_1/new/PIPO.xdc:15]
Resolution: If [get_<value>] was used to populate the object, check to make sure this command returns at least one valid object.
WARNING: [Vivado 12-584] No ports matched 'sel'. [C:/Users/moizc/Desktop/MY AWESOME PROJECTS/vivado/WIP/Shift_Registers/Shift_Registers.srcs/constrs_1/new/PIPO.xdc:16]
CRITICAL WARNING: [Common 17-55] 'set_property' expects at least one object. [C:/Users/moizc/Desktop/MY AWESOME PROJECTS/vivado/WIP/Shift_Registers/Shift_Registers.srcs/constrs_1/new/PIPO.xdc:16]
Resolution: If [get_<value>] was used to populate the object, check to make sure this command returns at least one valid object.
Finished Parsing XDC File [C:/Users/moizc/Desktop/MY AWESOME PROJECTS/vivado/WIP/Shift_Registers/Shift_Registers.srcs/constrs_1/new/PIPO.xdc]
INFO: [Project 1-236] Implementation specific constraints were found while reading constraint file [C:/Users/moizc/Desktop/MY AWESOME PROJECTS/vivado/WIP/Shift_Registers/Shift_Registers.srcs/constrs_1/new/PIPO.xdc]. These constraints will be ignored for synthesis but will be used in implementation. Impacted constraints are listed in the file [.Xil/BarrelShifter_propImpl.xdc].
Resolution: To avoid this warning, move constraints listed in [.Xil/BarrelShifter_propImpl.xdc] to another XDC file and exclude this new file from synthesis with the used_in_synthesis property (File Properties dialog in GUI) and re-run elaboration/synthesis.
Parsing XDC File [C:/Users/moizc/Desktop/MY AWESOME PROJECTS/vivado/WIP/Shift_Registers/Shift_Registers.srcs/constrs_1/new/PISO.xdc]
WARNING: [Vivado 12-584] No ports matched 'Clk'. [C:/Users/moizc/Desktop/MY AWESOME PROJECTS/vivado/WIP/Shift_Registers/Shift_Registers.srcs/constrs_1/new/PISO.xdc:2]
CRITICAL WARNING: [Common 17-55] 'set_property' expects at least one object. [C:/Users/moizc/Desktop/MY AWESOME PROJECTS/vivado/WIP/Shift_Registers/Shift_Registers.srcs/constrs_1/new/PISO.xdc:2]
Resolution: If [get_<value>] was used to populate the object, check to make sure this command returns at least one valid object.
WARNING: [Vivado 12-584] No ports matched 'Clk'. [C:/Users/moizc/Desktop/MY AWESOME PROJECTS/vivado/WIP/Shift_Registers/Shift_Registers.srcs/constrs_1/new/PISO.xdc:3]
CRITICAL WARNING: [Vivado 12-4739] create_clock:No valid object(s) found for '-objects [get_ports Clk]'. [C:/Users/moizc/Desktop/MY AWESOME PROJECTS/vivado/WIP/Shift_Registers/Shift_Registers.srcs/constrs_1/new/PISO.xdc:3]
Resolution: Check if the specified object(s) exists in the current design. If it does, ensure that the correct design hierarchy was specified for the object. If you are working with clocks, make sure create_clock was used to create the clock object before it is referenced.
WARNING: [Vivado 12-584] No ports matched 'Btn0'. [C:/Users/moizc/Desktop/MY AWESOME PROJECTS/vivado/WIP/Shift_Registers/Shift_Registers.srcs/constrs_1/new/PISO.xdc:15]
CRITICAL WARNING: [Common 17-55] 'set_property' expects at least one object. [C:/Users/moizc/Desktop/MY AWESOME PROJECTS/vivado/WIP/Shift_Registers/Shift_Registers.srcs/constrs_1/new/PISO.xdc:15]
Resolution: If [get_<value>] was used to populate the object, check to make sure this command returns at least one valid object.
WARNING: [Vivado 12-584] No ports matched 'Btn1'. [C:/Users/moizc/Desktop/MY AWESOME PROJECTS/vivado/WIP/Shift_Registers/Shift_Registers.srcs/constrs_1/new/PISO.xdc:16]
CRITICAL WARNING: [Common 17-55] 'set_property' expects at least one object. [C:/Users/moizc/Desktop/MY AWESOME PROJECTS/vivado/WIP/Shift_Registers/Shift_Registers.srcs/constrs_1/new/PISO.xdc:16]
Resolution: If [get_<value>] was used to populate the object, check to make sure this command returns at least one valid object.
WARNING: [Vivado 12-584] No ports matched 'LED[8]'. [C:/Users/moizc/Desktop/MY AWESOME PROJECTS/vivado/WIP/Shift_Registers/Shift_Registers.srcs/constrs_1/new/PISO.xdc:27]
CRITICAL WARNING: [Common 17-55] 'set_property' expects at least one object. [C:/Users/moizc/Desktop/MY AWESOME PROJECTS/vivado/WIP/Shift_Registers/Shift_Registers.srcs/constrs_1/new/PISO.xdc:27]
Resolution: If [get_<value>] was used to populate the object, check to make sure this command returns at least one valid object.
WARNING: [Vivado 12-584] No ports matched 'LED[9]'. [C:/Users/moizc/Desktop/MY AWESOME PROJECTS/vivado/WIP/Shift_Registers/Shift_Registers.srcs/constrs_1/new/PISO.xdc:28]
CRITICAL WARNING: [Common 17-55] 'set_property' expects at least one object. [C:/Users/moizc/Desktop/MY AWESOME PROJECTS/vivado/WIP/Shift_Registers/Shift_Registers.srcs/constrs_1/new/PISO.xdc:28]
Resolution: If [get_<value>] was used to populate the object, check to make sure this command returns at least one valid object.
WARNING: [Vivado 12-584] No ports matched 'LED[10]'. [C:/Users/moizc/Desktop/MY AWESOME PROJECTS/vivado/WIP/Shift_Registers/Shift_Registers.srcs/constrs_1/new/PISO.xdc:29]
CRITICAL WARNING: [Common 17-55] 'set_property' expects at least one object. [C:/Users/moizc/Desktop/MY AWESOME PROJECTS/vivado/WIP/Shift_Registers/Shift_Registers.srcs/constrs_1/new/PISO.xdc:29]
Resolution: If [get_<value>] was used to populate the object, check to make sure this command returns at least one valid object.
WARNING: [Vivado 12-584] No ports matched 'LED[11]'. [C:/Users/moizc/Desktop/MY AWESOME PROJECTS/vivado/WIP/Shift_Registers/Shift_Registers.srcs/constrs_1/new/PISO.xdc:30]
CRITICAL WARNING: [Common 17-55] 'set_property' expects at least one object. [C:/Users/moizc/Desktop/MY AWESOME PROJECTS/vivado/WIP/Shift_Registers/Shift_Registers.srcs/constrs_1/new/PISO.xdc:30]
Resolution: If [get_<value>] was used to populate the object, check to make sure this command returns at least one valid object.
WARNING: [Vivado 12-584] No ports matched 'LED[12]'. [C:/Users/moizc/Desktop/MY AWESOME PROJECTS/vivado/WIP/Shift_Registers/Shift_Registers.srcs/constrs_1/new/PISO.xdc:31]
CRITICAL WARNING: [Common 17-55] 'set_property' expects at least one object. [C:/Users/moizc/Desktop/MY AWESOME PROJECTS/vivado/WIP/Shift_Registers/Shift_Registers.srcs/constrs_1/new/PISO.xdc:31]
Resolution: If [get_<value>] was used to populate the object, check to make sure this command returns at least one valid object.
WARNING: [Vivado 12-584] No ports matched 'LED[13]'. [C:/Users/moizc/Desktop/MY AWESOME PROJECTS/vivado/WIP/Shift_Registers/Shift_Registers.srcs/constrs_1/new/PISO.xdc:32]
CRITICAL WARNING: [Common 17-55] 'set_property' expects at least one object. [C:/Users/moizc/Desktop/MY AWESOME PROJECTS/vivado/WIP/Shift_Registers/Shift_Registers.srcs/constrs_1/new/PISO.xdc:32]
Resolution: If [get_<value>] was used to populate the object, check to make sure this command returns at least one valid object.
WARNING: [Vivado 12-584] No ports matched 'LED[14]'. [C:/Users/moizc/Desktop/MY AWESOME PROJECTS/vivado/WIP/Shift_Registers/Shift_Registers.srcs/constrs_1/new/PISO.xdc:33]
CRITICAL WARNING: [Common 17-55] 'set_property' expects at least one object. [C:/Users/moizc/Desktop/MY AWESOME PROJECTS/vivado/WIP/Shift_Registers/Shift_Registers.srcs/constrs_1/new/PISO.xdc:33]
Resolution: If [get_<value>] was used to populate the object, check to make sure this command returns at least one valid object.
WARNING: [Vivado 12-584] No ports matched 'LED[15]'. [C:/Users/moizc/Desktop/MY AWESOME PROJECTS/vivado/WIP/Shift_Registers/Shift_Registers.srcs/constrs_1/new/PISO.xdc:34]
CRITICAL WARNING: [Common 17-55] 'set_property' expects at least one object. [C:/Users/moizc/Desktop/MY AWESOME PROJECTS/vivado/WIP/Shift_Registers/Shift_Registers.srcs/constrs_1/new/PISO.xdc:34]
Resolution: If [get_<value>] was used to populate the object, check to make sure this command returns at least one valid object.
Finished Parsing XDC File [C:/Users/moizc/Desktop/MY AWESOME PROJECTS/vivado/WIP/Shift_Registers/Shift_Registers.srcs/constrs_1/new/PISO.xdc]
INFO: [Project 1-236] Implementation specific constraints were found while reading constraint file [C:/Users/moizc/Desktop/MY AWESOME PROJECTS/vivado/WIP/Shift_Registers/Shift_Registers.srcs/constrs_1/new/PISO.xdc]. These constraints will be ignored for synthesis but will be used in implementation. Impacted constraints are listed in the file [.Xil/BarrelShifter_propImpl.xdc].
Resolution: To avoid this warning, move constraints listed in [.Xil/BarrelShifter_propImpl.xdc] to another XDC file and exclude this new file from synthesis with the used_in_synthesis property (File Properties dialog in GUI) and re-run elaboration/synthesis.
Parsing XDC File [C:/Users/moizc/Desktop/MY AWESOME PROJECTS/vivado/WIP/Shift_Registers/Shift_Registers.srcs/constrs_1/new/SIPO.xdc]
WARNING: [Vivado 12-584] No ports matched 'clkIn'. [C:/Users/moizc/Desktop/MY AWESOME PROJECTS/vivado/WIP/Shift_Registers/Shift_Registers.srcs/constrs_1/new/SIPO.xdc:2]
CRITICAL WARNING: [Common 17-55] 'set_property' expects at least one object. [C:/Users/moizc/Desktop/MY AWESOME PROJECTS/vivado/WIP/Shift_Registers/Shift_Registers.srcs/constrs_1/new/SIPO.xdc:2]
Resolution: If [get_<value>] was used to populate the object, check to make sure this command returns at least one valid object.
WARNING: [Vivado 12-584] No ports matched 'clkIn'. [C:/Users/moizc/Desktop/MY AWESOME PROJECTS/vivado/WIP/Shift_Registers/Shift_Registers.srcs/constrs_1/new/SIPO.xdc:3]
CRITICAL WARNING: [Vivado 12-4739] create_clock:No valid object(s) found for '-objects [get_ports clkIn]'. [C:/Users/moizc/Desktop/MY AWESOME PROJECTS/vivado/WIP/Shift_Registers/Shift_Registers.srcs/constrs_1/new/SIPO.xdc:3]
Resolution: Check if the specified object(s) exists in the current design. If it does, ensure that the correct design hierarchy was specified for the object. If you are working with clocks, make sure create_clock was used to create the clock object before it is referenced.
WARNING: [Vivado 12-584] No ports matched 'btn'. [C:/Users/moizc/Desktop/MY AWESOME PROJECTS/vivado/WIP/Shift_Registers/Shift_Registers.srcs/constrs_1/new/SIPO.xdc:7]
CRITICAL WARNING: [Common 17-55] 'set_property' expects at least one object. [C:/Users/moizc/Desktop/MY AWESOME PROJECTS/vivado/WIP/Shift_Registers/Shift_Registers.srcs/constrs_1/new/SIPO.xdc:7]
Resolution: If [get_<value>] was used to populate the object, check to make sure this command returns at least one valid object.
Finished Parsing XDC File [C:/Users/moizc/Desktop/MY AWESOME PROJECTS/vivado/WIP/Shift_Registers/Shift_Registers.srcs/constrs_1/new/SIPO.xdc]
INFO: [Project 1-236] Implementation specific constraints were found while reading constraint file [C:/Users/moizc/Desktop/MY AWESOME PROJECTS/vivado/WIP/Shift_Registers/Shift_Registers.srcs/constrs_1/new/SIPO.xdc]. These constraints will be ignored for synthesis but will be used in implementation. Impacted constraints are listed in the file [.Xil/BarrelShifter_propImpl.xdc].
Resolution: To avoid this warning, move constraints listed in [.Xil/BarrelShifter_propImpl.xdc] to another XDC file and exclude this new file from synthesis with the used_in_synthesis property (File Properties dialog in GUI) and re-run elaboration/synthesis.
Parsing XDC File [C:/Users/moizc/Desktop/MY AWESOME PROJECTS/vivado/WIP/Shift_Registers/Shift_Registers.srcs/constrs_1/new/BarrelShifter.xdc]
Finished Parsing XDC File [C:/Users/moizc/Desktop/MY AWESOME PROJECTS/vivado/WIP/Shift_Registers/Shift_Registers.srcs/constrs_1/new/BarrelShifter.xdc]
INFO: [Project 1-236] Implementation specific constraints were found while reading constraint file [C:/Users/moizc/Desktop/MY AWESOME PROJECTS/vivado/WIP/Shift_Registers/Shift_Registers.srcs/constrs_1/new/BarrelShifter.xdc]. These constraints will be ignored for synthesis but will be used in implementation. Impacted constraints are listed in the file [.Xil/BarrelShifter_propImpl.xdc].
Resolution: To avoid this warning, move constraints listed in [.Xil/BarrelShifter_propImpl.xdc] to another XDC file and exclude this new file from synthesis with the used_in_synthesis property (File Properties dialog in GUI) and re-run elaboration/synthesis.
Completed Processing XDC Constraints

Netlist sorting complete. Time (s): cpu = 00:00:00 ; elapsed = 00:00:00 . Memory (MB): peak = 1210.344 ; gain = 0.000
INFO: [Project 1-111] Unisim Transformation Summary:
No Unisim elements were transformed.

Constraint Validation Runtime : Time (s): cpu = 00:00:00 ; elapsed = 00:00:00.004 . Memory (MB): peak = 1210.344 ; gain = 0.000
INFO: [Designutils 20-5440] No compile time benefit to using incremental synthesis; A full resynthesis will be run
INFO: [Designutils 20-4379] Flow is switching to default flow due to incremental criteria not met. If you would like to alter this behaviour and have the flow terminate instead, please set the following parameter config_implementation {autoIncr.Synth.RejectBehavior Terminate}
---------------------------------------------------------------------------------
Finished Constraint Validation : Time (s): cpu = 00:00:30 ; elapsed = 00:00:32 . Memory (MB): peak = 1210.344 ; gain = 646.441
---------------------------------------------------------------------------------
---------------------------------------------------------------------------------
Start Loading Part and Timing Information
---------------------------------------------------------------------------------
Loading part: xc7z007sclg400-1
---------------------------------------------------------------------------------
Finished Loading Part and Timing Information : Time (s): cpu = 00:00:30 ; elapsed = 00:00:32 . Memory (MB): peak = 1210.344 ; gain = 646.441
---------------------------------------------------------------------------------
---------------------------------------------------------------------------------
Start Applying 'set_property' XDC Constraints
---------------------------------------------------------------------------------
---------------------------------------------------------------------------------
Finished applying 'set_property' XDC Constraints : Time (s): cpu = 00:00:30 ; elapsed = 00:00:32 . Memory (MB): peak = 1210.344 ; gain = 646.441
---------------------------------------------------------------------------------
---------------------------------------------------------------------------------
Finished RTL Optimization Phase 2 : Time (s): cpu = 00:00:31 ; elapsed = 00:00:33 . Memory (MB): peak = 1210.344 ; gain = 646.441
---------------------------------------------------------------------------------
---------------------------------------------------------------------------------
Start RTL Component Statistics 
---------------------------------------------------------------------------------
Detailed RTL Component Info : 
+---Registers : 
	                8 Bit    Registers := 2     
	                1 Bit    Registers := 8     
+---Muxes : 
	   4 Input    8 Bit        Muxes := 4     
	   2 Input    8 Bit        Muxes := 3     
---------------------------------------------------------------------------------
Finished RTL Component Statistics 
---------------------------------------------------------------------------------
---------------------------------------------------------------------------------
Start Part Resource Summary
---------------------------------------------------------------------------------
Part Resources:
DSPs: 66 (col length:40)
BRAMs: 100 (col length: RAMB18 40 RAMB36 20)
---------------------------------------------------------------------------------
Finished Part Resource Summary
---------------------------------------------------------------------------------
---------------------------------------------------------------------------------
Start Cross Boundary and Area Optimization
---------------------------------------------------------------------------------
WARNING: [Synth 8-7080] Parallel synthesis criteria is not met
---------------------------------------------------------------------------------
Finished Cross Boundary and Area Optimization : Time (s): cpu = 00:00:34 ; elapsed = 00:00:36 . Memory (MB): peak = 1210.344 ; gain = 646.441
---------------------------------------------------------------------------------
---------------------------------------------------------------------------------
Start Applying XDC Timing Constraints
---------------------------------------------------------------------------------
WARNING: [Synth 8-565] redefining clock 'sys_clk_pin'
---------------------------------------------------------------------------------
Finished Applying XDC Timing Constraints : Time (s): cpu = 00:00:45 ; elapsed = 00:00:48 . Memory (MB): peak = 1335.621 ; gain = 771.719
---------------------------------------------------------------------------------
---------------------------------------------------------------------------------
Start Timing Optimization
---------------------------------------------------------------------------------
---------------------------------------------------------------------------------
Finished Timing Optimization : Time (s): cpu = 00:00:45 ; elapsed = 00:00:48 . Memory (MB): peak = 1355.062 ; gain = 791.160
---------------------------------------------------------------------------------
---------------------------------------------------------------------------------
Start Technology Mapping
---------------------------------------------------------------------------------
---------------------------------------------------------------------------------
Finished Technology Mapping : Time (s): cpu = 00:00:45 ; elapsed = 00:00:48 . Memory (MB): peak = 1355.062 ; gain = 791.160
---------------------------------------------------------------------------------
---------------------------------------------------------------------------------
Start IO Insertion
---------------------------------------------------------------------------------
---------------------------------------------------------------------------------
Start Flattening Before IO Insertion
---------------------------------------------------------------------------------
---------------------------------------------------------------------------------
Finished Flattening Before IO Insertion
---------------------------------------------------------------------------------
---------------------------------------------------------------------------------
Start Final Netlist Cleanup
---------------------------------------------------------------------------------
---------------------------------------------------------------------------------
Finished Final Netlist Cleanup
---------------------------------------------------------------------------------
---------------------------------------------------------------------------------
Finished IO Insertion : Time (s): cpu = 00:00:54 ; elapsed = 00:00:57 . Memory (MB): peak = 1561.555 ; gain = 997.652
---------------------------------------------------------------------------------
---------------------------------------------------------------------------------
Start Renaming Generated Instances
---------------------------------------------------------------------------------
---------------------------------------------------------------------------------
Finished Renaming Generated Instances : Time (s): cpu = 00:00:54 ; elapsed = 00:00:57 . Memory (MB): peak = 1561.555 ; gain = 997.652
---------------------------------------------------------------------------------
---------------------------------------------------------------------------------
Start Rebuilding User Hierarchy
---------------------------------------------------------------------------------
---------------------------------------------------------------------------------
Finished Rebuilding User Hierarchy : Time (s): cpu = 00:00:54 ; elapsed = 00:00:57 . Memory (MB): peak = 1561.555 ; gain = 997.652
---------------------------------------------------------------------------------
---------------------------------------------------------------------------------
Start Renaming Generated Ports
---------------------------------------------------------------------------------
---------------------------------------------------------------------------------
Finished Renaming Generated Ports : Time (s): cpu = 00:00:54 ; elapsed = 00:00:57 . Memory (MB): peak = 1561.555 ; gain = 997.652
---------------------------------------------------------------------------------
---------------------------------------------------------------------------------
Start Handling Custom Attributes
---------------------------------------------------------------------------------
---------------------------------------------------------------------------------
Finished Handling Custom Attributes : Time (s): cpu = 00:00:54 ; elapsed = 00:00:57 . Memory (MB): peak = 1561.555 ; gain = 997.652
---------------------------------------------------------------------------------
---------------------------------------------------------------------------------
Start Renaming Generated Nets
---------------------------------------------------------------------------------
---------------------------------------------------------------------------------
Finished Renaming Generated Nets : Time (s): cpu = 00:00:54 ; elapsed = 00:00:57 . Memory (MB): peak = 1561.555 ; gain = 997.652
---------------------------------------------------------------------------------
---------------------------------------------------------------------------------
Start Writing Synthesis Report
---------------------------------------------------------------------------------

Report BlackBoxes: 
+-+--------------+----------+
| |BlackBox name |Instances |
+-+--------------+----------+
+-+--------------+----------+

Report Cell Usage: 
+------+-------+------+
|      |Cell   |Count |
+------+-------+------+
|1     |BUFG   |     1|
|2     |CARRY4 |     6|
|3     |LUT1   |     1|
|4     |LUT2   |     1|
|5     |LUT4   |     4|
|6     |LUT5   |     8|
|7     |LUT6   |    28|
|8     |MUXF7  |     2|
|9     |FDRE   |    48|
|10    |IBUF   |    15|
|11    |OBUF   |     8|
+------+-------+------+
---------------------------------------------------------------------------------
Finished Writing Synthesis Report : Time (s): cpu = 00:00:54 ; elapsed = 00:00:57 . Memory (MB): peak = 1561.555 ; gain = 997.652
---------------------------------------------------------------------------------
Synthesis finished with 0 errors, 0 critical warnings and 2 warnings.
Synthesis Optimization Runtime : Time (s): cpu = 00:00:35 ; elapsed = 00:00:53 . Memory (MB): peak = 1561.555 ; gain = 924.828
Synthesis Optimization Complete : Time (s): cpu = 00:00:54 ; elapsed = 00:00:57 . Memory (MB): peak = 1561.555 ; gain = 997.652
INFO: [Project 1-571] Translating synthesized netlist
Netlist sorting complete. Time (s): cpu = 00:00:00 ; elapsed = 00:00:00.001 . Memory (MB): peak = 1570.668 ; gain = 0.000
INFO: [Netlist 29-17] Analyzing 8 Unisim elements for replacement
INFO: [Netlist 29-28] Unisim Transformation completed in 0 CPU seconds
INFO: [Project 1-570] Preparing netlist for logic optimization
INFO: [Opt 31-138] Pushed 0 inverter(s) to 0 load pin(s).
Netlist sorting complete. Time (s): cpu = 00:00:00 ; elapsed = 00:00:00 . Memory (MB): peak = 1574.348 ; gain = 0.000
INFO: [Project 1-111] Unisim Transformation Summary:
No Unisim elements were transformed.

Synth Design complete | Checksum: 219be391
INFO: [Common 17-83] Releasing license: Synthesis
34 Infos, 19 Warnings, 17 Critical Warnings and 0 Errors encountered.
synth_design completed successfully
synth_design: Time (s): cpu = 00:01:01 ; elapsed = 00:01:09 . Memory (MB): peak = 1574.348 ; gain = 1224.137
INFO: [runtcl-6] Synthesis results are not added to the cache due to CRITICAL_WARNING
Write ShapeDB Complete: Time (s): cpu = 00:00:00 ; elapsed = 00:00:00.002 . Memory (MB): peak = 1574.348 ; gain = 0.000
INFO: [Common 17-1381] The checkpoint 'C:/Users/moizc/Desktop/MY AWESOME PROJECTS/vivado/WIP/Shift_Registers/Shift_Registers.runs/synth_1/BarrelShifter.dcp' has been generated.
INFO: [Vivado 12-24828] Executing command : report_utilization -file BarrelShifter_utilization_synth.rpt -pb BarrelShifter_utilization_synth.pb
INFO: [Common 17-206] Exiting Vivado at Tue Jul  1 23:56:34 2025...
