
*** Running vivado
    with args -log wrapper.vds -m64 -product Vivado -mode batch -messageDb vivado.pb -notrace -source wrapper.tcl



****** Vivado v2024.2 (64-bit)
  **** SW Build 5239630 on Fri Nov 08 22:35:27 MST 2024
  **** IP Build 5239520 on Sun Nov 10 16:12:51 MST 2024
  **** SharedData Build 5239561 on Fri Nov 08 14:39:27 MST 2024
  **** Start of session at: Mon Jun  9 03:29:15 2025
    ** Copyright 1986-2022 Xilinx, Inc. All Rights Reserved.
    ** Copyright 2022-2024 Advanced Micro Devices, Inc. All Rights Reserved.

source wrapper.tcl -notrace
Command: read_checkpoint -auto_incremental -incremental {C:/Users/moizc/Desktop/MY AWESOME PROJECTS/vivado/WIP/TWO_DIGIT_COMMON_ANODE_SSEG/TWO_DIGIT_COMMON_ANODE_SSEG.srcs/utils_1/imports/synth_1/SSEG.dcp}
INFO: [Vivado 12-5825] Read reference checkpoint from C:/Users/moizc/Desktop/MY AWESOME PROJECTS/vivado/WIP/TWO_DIGIT_COMMON_ANODE_SSEG/TWO_DIGIT_COMMON_ANODE_SSEG.srcs/utils_1/imports/synth_1/SSEG.dcp for incremental synthesis
INFO: [Vivado 12-7989] Please ensure there are no constraint changes
Command: synth_design -top wrapper -part xc7z007sclg400-1
Starting synth_design
Attempting to get a license for feature 'Synthesis' and/or device 'xc7z007s'
INFO: [Common 17-349] Got license for feature 'Synthesis' and/or device 'xc7z007s'
INFO: [Device 21-403] Loading part xc7z007sclg400-1
INFO: [Designutils 20-5440] No compile time benefit to using incremental synthesis; A full resynthesis will be run
INFO: [Designutils 20-4379] Flow is switching to default flow due to incremental criteria not met. If you would like to alter this behaviour and have the flow terminate instead, please set the following parameter config_implementation {autoIncr.Synth.RejectBehavior Terminate}
INFO: [Synth 8-7079] Multithreading enabled for synth_design using a maximum of 2 processes.
INFO: [Synth 8-7078] Launching helper process for spawning children vivado processes
INFO: [Synth 8-7075] Helper process launched with PID 1808
---------------------------------------------------------------------------------
Starting RTL Elaboration : Time (s): cpu = 00:00:12 ; elapsed = 00:00:13 . Memory (MB): peak = 1034.957 ; gain = 469.977
---------------------------------------------------------------------------------
INFO: [Synth 8-6157] synthesizing module 'wrapper' [C:/Users/moizc/Desktop/MY AWESOME PROJECTS/vivado/WIP/TWO_DIGIT_COMMON_ANODE_SSEG/TWO_DIGIT_COMMON_ANODE_SSEG.srcs/sources_1/new/wrapper.sv:1]
INFO: [Synth 8-6157] synthesizing module 'Mux2to1' [C:/Users/moizc/Desktop/MY AWESOME PROJECTS/vivado/WIP/TWO_DIGIT_COMMON_ANODE_SSEG/TWO_DIGIT_COMMON_ANODE_SSEG.srcs/sources_1/new/Mux2to1.sv:1]
INFO: [Synth 8-226] default block is never used [C:/Users/moizc/Desktop/MY AWESOME PROJECTS/vivado/WIP/TWO_DIGIT_COMMON_ANODE_SSEG/TWO_DIGIT_COMMON_ANODE_SSEG.srcs/sources_1/new/Mux2to1.sv:8]
INFO: [Synth 8-6155] done synthesizing module 'Mux2to1' (0#1) [C:/Users/moizc/Desktop/MY AWESOME PROJECTS/vivado/WIP/TWO_DIGIT_COMMON_ANODE_SSEG/TWO_DIGIT_COMMON_ANODE_SSEG.srcs/sources_1/new/Mux2to1.sv:1]
INFO: [Synth 8-6157] synthesizing module 'SSEG' [C:/Users/moizc/Desktop/MY AWESOME PROJECTS/vivado/WIP/TWO_DIGIT_COMMON_ANODE_SSEG/TWO_DIGIT_COMMON_ANODE_SSEG.srcs/sources_1/new/SSEG.sv:1]
INFO: [Synth 8-226] default block is never used [C:/Users/moizc/Desktop/MY AWESOME PROJECTS/vivado/WIP/TWO_DIGIT_COMMON_ANODE_SSEG/TWO_DIGIT_COMMON_ANODE_SSEG.srcs/sources_1/new/SSEG.sv:7]
INFO: [Synth 8-6155] done synthesizing module 'SSEG' (0#1) [C:/Users/moizc/Desktop/MY AWESOME PROJECTS/vivado/WIP/TWO_DIGIT_COMMON_ANODE_SSEG/TWO_DIGIT_COMMON_ANODE_SSEG.srcs/sources_1/new/SSEG.sv:1]
INFO: [Synth 8-6157] synthesizing module 'counter' [C:/Users/moizc/Desktop/MY AWESOME PROJECTS/vivado/WIP/TWO_DIGIT_COMMON_ANODE_SSEG/TWO_DIGIT_COMMON_ANODE_SSEG.srcs/sources_1/new/counter.sv:1]
INFO: [Synth 8-6155] done synthesizing module 'counter' (0#1) [C:/Users/moizc/Desktop/MY AWESOME PROJECTS/vivado/WIP/TWO_DIGIT_COMMON_ANODE_SSEG/TWO_DIGIT_COMMON_ANODE_SSEG.srcs/sources_1/new/counter.sv:1]
INFO: [Synth 8-6155] done synthesizing module 'wrapper' (0#1) [C:/Users/moizc/Desktop/MY AWESOME PROJECTS/vivado/WIP/TWO_DIGIT_COMMON_ANODE_SSEG/TWO_DIGIT_COMMON_ANODE_SSEG.srcs/sources_1/new/wrapper.sv:1]
---------------------------------------------------------------------------------
Finished RTL Elaboration : Time (s): cpu = 00:00:16 ; elapsed = 00:00:17 . Memory (MB): peak = 1138.215 ; gain = 573.234
---------------------------------------------------------------------------------
---------------------------------------------------------------------------------
Start Handling Custom Attributes
---------------------------------------------------------------------------------
---------------------------------------------------------------------------------
Finished Handling Custom Attributes : Time (s): cpu = 00:00:16 ; elapsed = 00:00:17 . Memory (MB): peak = 1138.215 ; gain = 573.234
---------------------------------------------------------------------------------
---------------------------------------------------------------------------------
Finished RTL Optimization Phase 1 : Time (s): cpu = 00:00:16 ; elapsed = 00:00:17 . Memory (MB): peak = 1138.215 ; gain = 573.234
---------------------------------------------------------------------------------
Netlist sorting complete. Time (s): cpu = 00:00:00 ; elapsed = 00:00:00.001 . Memory (MB): peak = 1138.215 ; gain = 0.000
INFO: [Project 1-570] Preparing netlist for logic optimization

Processing XDC Constraints
Initializing timing engine
Parsing XDC File [C:/Users/moizc/Desktop/MY AWESOME PROJECTS/vivado/WIP/TWO_DIGIT_COMMON_ANODE_SSEG/TWO_DIGIT_COMMON_ANODE_SSEG.srcs/constrs_1/new/TwoDigitCommonAnodeSSEG.xdc]
Finished Parsing XDC File [C:/Users/moizc/Desktop/MY AWESOME PROJECTS/vivado/WIP/TWO_DIGIT_COMMON_ANODE_SSEG/TWO_DIGIT_COMMON_ANODE_SSEG.srcs/constrs_1/new/TwoDigitCommonAnodeSSEG.xdc]
INFO: [Project 1-236] Implementation specific constraints were found while reading constraint file [C:/Users/moizc/Desktop/MY AWESOME PROJECTS/vivado/WIP/TWO_DIGIT_COMMON_ANODE_SSEG/TWO_DIGIT_COMMON_ANODE_SSEG.srcs/constrs_1/new/TwoDigitCommonAnodeSSEG.xdc]. These constraints will be ignored for synthesis but will be used in implementation. Impacted constraints are listed in the file [.Xil/wrapper_propImpl.xdc].
Resolution: To avoid this warning, move constraints listed in [.Xil/wrapper_propImpl.xdc] to another XDC file and exclude this new file from synthesis with the used_in_synthesis property (File Properties dialog in GUI) and re-run elaboration/synthesis.
Completed Processing XDC Constraints

Netlist sorting complete. Time (s): cpu = 00:00:00 ; elapsed = 00:00:00 . Memory (MB): peak = 1138.215 ; gain = 0.000
INFO: [Project 1-111] Unisim Transformation Summary:
No Unisim elements were transformed.

Constraint Validation Runtime : Time (s): cpu = 00:00:00 ; elapsed = 00:00:00.004 . Memory (MB): peak = 1138.215 ; gain = 0.000
INFO: [Designutils 20-5440] No compile time benefit to using incremental synthesis; A full resynthesis will be run
INFO: [Designutils 20-4379] Flow is switching to default flow due to incremental criteria not met. If you would like to alter this behaviour and have the flow terminate instead, please set the following parameter config_implementation {autoIncr.Synth.RejectBehavior Terminate}
---------------------------------------------------------------------------------
Finished Constraint Validation : Time (s): cpu = 00:00:33 ; elapsed = 00:00:35 . Memory (MB): peak = 1138.215 ; gain = 573.234
---------------------------------------------------------------------------------
---------------------------------------------------------------------------------
Start Loading Part and Timing Information
---------------------------------------------------------------------------------
Loading part: xc7z007sclg400-1
---------------------------------------------------------------------------------
Finished Loading Part and Timing Information : Time (s): cpu = 00:00:33 ; elapsed = 00:00:35 . Memory (MB): peak = 1138.215 ; gain = 573.234
---------------------------------------------------------------------------------
---------------------------------------------------------------------------------
Start Applying 'set_property' XDC Constraints
---------------------------------------------------------------------------------
---------------------------------------------------------------------------------
Finished applying 'set_property' XDC Constraints : Time (s): cpu = 00:00:33 ; elapsed = 00:00:35 . Memory (MB): peak = 1138.215 ; gain = 573.234
---------------------------------------------------------------------------------
---------------------------------------------------------------------------------
Finished RTL Optimization Phase 2 : Time (s): cpu = 00:00:33 ; elapsed = 00:00:36 . Memory (MB): peak = 1138.215 ; gain = 573.234
---------------------------------------------------------------------------------
---------------------------------------------------------------------------------
Start RTL Component Statistics 
---------------------------------------------------------------------------------
Detailed RTL Component Info : 
+---Muxes : 
	   2 Input    4 Bit        Muxes := 1     
---------------------------------------------------------------------------------
Finished RTL Component Statistics 
---------------------------------------------------------------------------------
---------------------------------------------------------------------------------
Start Part Resource Summary
---------------------------------------------------------------------------------
Part Resources:
DSPs: 66 (col length:40)
BRAMs: 100 (col length: RAMB18 40 RAMB36 20)
---------------------------------------------------------------------------------
Finished Part Resource Summary
---------------------------------------------------------------------------------
---------------------------------------------------------------------------------
Start Cross Boundary and Area Optimization
---------------------------------------------------------------------------------
WARNING: [Synth 8-7080] Parallel synthesis criteria is not met
WARNING: [Synth 8-3917] design wrapper has port ssegctrl[3] driven by constant 1
WARNING: [Synth 8-3917] design wrapper has port ssegctrl[2] driven by constant 1
---------------------------------------------------------------------------------
Finished Cross Boundary and Area Optimization : Time (s): cpu = 00:00:37 ; elapsed = 00:00:40 . Memory (MB): peak = 1182.328 ; gain = 617.348
---------------------------------------------------------------------------------
---------------------------------------------------------------------------------
Start Applying XDC Timing Constraints
---------------------------------------------------------------------------------
---------------------------------------------------------------------------------
Finished Applying XDC Timing Constraints : Time (s): cpu = 00:00:50 ; elapsed = 00:00:54 . Memory (MB): peak = 1325.457 ; gain = 760.477
---------------------------------------------------------------------------------
---------------------------------------------------------------------------------
Start Timing Optimization
---------------------------------------------------------------------------------
---------------------------------------------------------------------------------
Finished Timing Optimization : Time (s): cpu = 00:00:50 ; elapsed = 00:00:54 . Memory (MB): peak = 1345.797 ; gain = 780.816
---------------------------------------------------------------------------------
---------------------------------------------------------------------------------
Start Technology Mapping
---------------------------------------------------------------------------------
---------------------------------------------------------------------------------
Finished Technology Mapping : Time (s): cpu = 00:00:50 ; elapsed = 00:00:54 . Memory (MB): peak = 1345.797 ; gain = 780.816
---------------------------------------------------------------------------------
---------------------------------------------------------------------------------
Start IO Insertion
---------------------------------------------------------------------------------
---------------------------------------------------------------------------------
Start Flattening Before IO Insertion
---------------------------------------------------------------------------------
---------------------------------------------------------------------------------
Finished Flattening Before IO Insertion
---------------------------------------------------------------------------------
---------------------------------------------------------------------------------
Start Final Netlist Cleanup
---------------------------------------------------------------------------------
---------------------------------------------------------------------------------
Finished Final Netlist Cleanup
---------------------------------------------------------------------------------
---------------------------------------------------------------------------------
Finished IO Insertion : Time (s): cpu = 00:01:01 ; elapsed = 00:01:05 . Memory (MB): peak = 1551.832 ; gain = 986.852
---------------------------------------------------------------------------------
---------------------------------------------------------------------------------
Start Renaming Generated Instances
---------------------------------------------------------------------------------
---------------------------------------------------------------------------------
Finished Renaming Generated Instances : Time (s): cpu = 00:01:01 ; elapsed = 00:01:05 . Memory (MB): peak = 1551.832 ; gain = 986.852
---------------------------------------------------------------------------------
---------------------------------------------------------------------------------
Start Rebuilding User Hierarchy
---------------------------------------------------------------------------------
---------------------------------------------------------------------------------
Finished Rebuilding User Hierarchy : Time (s): cpu = 00:01:01 ; elapsed = 00:01:05 . Memory (MB): peak = 1551.832 ; gain = 986.852
---------------------------------------------------------------------------------
---------------------------------------------------------------------------------
Start Renaming Generated Ports
---------------------------------------------------------------------------------
---------------------------------------------------------------------------------
Finished Renaming Generated Ports : Time (s): cpu = 00:01:01 ; elapsed = 00:01:05 . Memory (MB): peak = 1551.832 ; gain = 986.852
---------------------------------------------------------------------------------
---------------------------------------------------------------------------------
Start Handling Custom Attributes
---------------------------------------------------------------------------------
---------------------------------------------------------------------------------
Finished Handling Custom Attributes : Time (s): cpu = 00:01:01 ; elapsed = 00:01:05 . Memory (MB): peak = 1551.832 ; gain = 986.852
---------------------------------------------------------------------------------
---------------------------------------------------------------------------------
Start Renaming Generated Nets
---------------------------------------------------------------------------------
---------------------------------------------------------------------------------
Finished Renaming Generated Nets : Time (s): cpu = 00:01:01 ; elapsed = 00:01:05 . Memory (MB): peak = 1551.832 ; gain = 986.852
---------------------------------------------------------------------------------
---------------------------------------------------------------------------------
Start Writing Synthesis Report
---------------------------------------------------------------------------------

Report BlackBoxes: 
+-+--------------+----------+
| |BlackBox name |Instances |
+-+--------------+----------+
+-+--------------+----------+

Report Cell Usage: 
+------+-------+------+
|      |Cell   |Count |
+------+-------+------+
|1     |BUFG   |     1|
|2     |CARRY4 |     4|
|3     |LUT1   |     2|
|4     |LUT3   |     3|
|5     |LUT6   |     7|
|6     |FDRE   |    16|
|7     |IBUF   |     9|
|8     |OBUF   |    11|
+------+-------+------+
---------------------------------------------------------------------------------
Finished Writing Synthesis Report : Time (s): cpu = 00:01:01 ; elapsed = 00:01:05 . Memory (MB): peak = 1551.832 ; gain = 986.852
---------------------------------------------------------------------------------
Synthesis finished with 0 errors, 0 critical warnings and 3 warnings.
Synthesis Optimization Runtime : Time (s): cpu = 00:00:41 ; elapsed = 00:01:01 . Memory (MB): peak = 1551.832 ; gain = 986.852
Synthesis Optimization Complete : Time (s): cpu = 00:01:01 ; elapsed = 00:01:05 . Memory (MB): peak = 1551.832 ; gain = 986.852
INFO: [Project 1-571] Translating synthesized netlist
Netlist sorting complete. Time (s): cpu = 00:00:00 ; elapsed = 00:00:00 . Memory (MB): peak = 1551.832 ; gain = 0.000
INFO: [Netlist 29-17] Analyzing 4 Unisim elements for replacement
INFO: [Netlist 29-28] Unisim Transformation completed in 0 CPU seconds
INFO: [Project 1-570] Preparing netlist for logic optimization
INFO: [Opt 31-138] Pushed 0 inverter(s) to 0 load pin(s).
Netlist sorting complete. Time (s): cpu = 00:00:00 ; elapsed = 00:00:00 . Memory (MB): peak = 1551.832 ; gain = 0.000
INFO: [Project 1-111] Unisim Transformation Summary:
No Unisim elements were transformed.

Synth Design complete | Checksum: 7d89d23e
INFO: [Common 17-83] Releasing license: Synthesis
31 Infos, 3 Warnings, 0 Critical Warnings and 0 Errors encountered.
synth_design completed successfully
synth_design: Time (s): cpu = 00:01:10 ; elapsed = 00:01:19 . Memory (MB): peak = 1551.832 ; gain = 1200.406
Write ShapeDB Complete: Time (s): cpu = 00:00:00 ; elapsed = 00:00:00.003 . Memory (MB): peak = 1551.832 ; gain = 0.000
INFO: [Common 17-1381] The checkpoint 'C:/Users/moizc/Desktop/MY AWESOME PROJECTS/vivado/WIP/TWO_DIGIT_COMMON_ANODE_SSEG/TWO_DIGIT_COMMON_ANODE_SSEG.runs/synth_1/wrapper.dcp' has been generated.
INFO: [Vivado 12-24828] Executing command : report_utilization -file wrapper_utilization_synth.rpt -pb wrapper_utilization_synth.pb
INFO: [Common 17-206] Exiting Vivado at Mon Jun  9 03:30:44 2025...
